2019-12-27 20:44:44.614  WARN 13680 --- [background-preinit] o.s.h.c.j.Jackson2ObjectMapperBuilder    : For Jackson Kotlin classes support please add "com.fasterxml.jackson.module:jackson-module-kotlin" to the classpath
2019-12-27 20:44:44.725  INFO 13680 --- [restartedMain] l.m.community.demo.CommunityApplication  : Starting CommunityApplication on PC-20170701CHCE with PID 13680 (started by Administrator in F:\王宇超\学习\Git\Code\community)
2019-12-27 20:44:44.727  INFO 13680 --- [restartedMain] l.m.community.demo.CommunityApplication  : No active profile set, falling back to default profiles: default
2019-12-27 20:44:44.845  INFO 13680 --- [restartedMain] .e.DevToolsPropertyDefaultsPostProcessor : Devtools property defaults active! Set 'spring.devtools.add-properties' to 'false' to disable
2019-12-27 20:44:44.846  INFO 13680 --- [restartedMain] .e.DevToolsPropertyDefaultsPostProcessor : For additional web related logging consider setting the 'logging.level.web' property to 'DEBUG'
2019-12-27 20:44:47.025  INFO 13680 --- [restartedMain] o.s.b.w.embedded.tomcat.TomcatWebServer  : Tomcat initialized with port(s): 8887 (http)
2019-12-27 20:44:47.043  INFO 13680 --- [restartedMain] o.apache.catalina.core.StandardService   : Starting service [Tomcat]
2019-12-27 20:44:47.043  INFO 13680 --- [restartedMain] org.apache.catalina.core.StandardEngine  : Starting Servlet engine: [Apache Tomcat/9.0.27]
2019-12-27 20:44:47.200  INFO 13680 --- [restartedMain] o.a.c.c.C.[Tomcat].[localhost].[/]       : Initializing Spring embedded WebApplicationContext
2019-12-27 20:44:47.200  INFO 13680 --- [restartedMain] o.s.web.context.ContextLoader            : Root WebApplicationContext: initialization completed in 2354 ms
2019-12-27 20:44:47.263  INFO 13680 --- [restartedMain] com.zaxxer.hikari.HikariDataSource       : HikariPool-1 - Starting...
2019-12-27 20:44:49.739  INFO 13680 --- [restartedMain] com.zaxxer.hikari.HikariDataSource       : HikariPool-1 - Start completed.
2019-12-27 20:44:49.764  INFO 13680 --- [restartedMain] o.s.b.a.h2.H2ConsoleAutoConfiguration    : H2 console available at '/h2-console'. Database available at 'jdbc:mysql://127.0.0.1:3306/community?useUnicode=true&characterEncoding=utf8&serverTimezone=GMT%2B8'
2019-12-27 20:44:52.433  INFO 13680 --- [restartedMain] o.s.s.concurrent.ThreadPoolTaskExecutor  : Initializing ExecutorService 'applicationTaskExecutor'
2019-12-27 20:44:52.678  INFO 13680 --- [restartedMain] o.s.b.a.w.s.WelcomePageHandlerMapping    : Adding welcome page template: index
2019-12-27 20:44:53.729  INFO 13680 --- [restartedMain] o.s.b.d.a.OptionalLiveReloadServer       : LiveReload server is running on port 35729
2019-12-27 20:44:53.861  INFO 13680 --- [restartedMain] o.s.b.w.embedded.tomcat.TomcatWebServer  : Tomcat started on port(s): 8887 (http) with context path ''
2019-12-27 20:44:53.869  INFO 13680 --- [restartedMain] l.m.community.demo.CommunityApplication  : Started CommunityApplication in 10.875 seconds (JVM running for 14.474)
2019-12-27 20:45:01.249  INFO 13680 --- [http-nio-8887-exec-1] o.a.c.c.C.[Tomcat].[localhost].[/]       : Initializing Spring DispatcherServlet 'dispatcherServlet'
2019-12-27 20:45:01.251  INFO 13680 --- [http-nio-8887-exec-1] o.s.web.servlet.DispatcherServlet        : Initializing Servlet 'dispatcherServlet'
2019-12-27 20:45:01.268  INFO 13680 --- [http-nio-8887-exec-1] o.s.web.servlet.DispatcherServlet        : Completed initialization in 17 ms
2019-12-27 20:49:02.798  INFO 13680 --- [Thread-24] o.s.s.concurrent.ThreadPoolTaskExecutor  : Shutting down ExecutorService 'applicationTaskExecutor'
2019-12-27 20:49:02.800  INFO 13680 --- [Thread-24] com.zaxxer.hikari.HikariDataSource       : HikariPool-1 - Shutdown initiated...
2019-12-27 20:49:02.817  INFO 13680 --- [Thread-24] com.zaxxer.hikari.HikariDataSource       : HikariPool-1 - Shutdown completed.
2019-12-27 20:49:05.697  INFO 13680 --- [restartedMain] l.m.community.demo.CommunityApplication  : Starting CommunityApplication on PC-20170701CHCE with PID 13680 (started by Administrator in F:\王宇超\学习\Git\Code\community)
2019-12-27 20:49:05.697  INFO 13680 --- [restartedMain] l.m.community.demo.CommunityApplication  : No active profile set, falling back to default profiles: default
2019-12-27 20:49:06.466  WARN 13680 --- [restartedMain] org.apache.tomcat.util.modeler.Registry  : The MBean registry cannot be disabled because it has already been initialised
2019-12-27 20:49:06.556  INFO 13680 --- [restartedMain] o.s.b.w.embedded.tomcat.TomcatWebServer  : Tomcat initialized with port(s): 8887 (http)
2019-12-27 20:49:06.557  INFO 13680 --- [restartedMain] o.apache.catalina.core.StandardService   : Starting service [Tomcat]
2019-12-27 20:49:06.557  INFO 13680 --- [restartedMain] org.apache.catalina.core.StandardEngine  : Starting Servlet engine: [Apache Tomcat/9.0.27]
2019-12-27 20:49:06.603  INFO 13680 --- [restartedMain] o.a.c.c.C.[Tomcat].[localhost].[/]       : Initializing Spring embedded WebApplicationContext
2019-12-27 20:49:06.603  INFO 13680 --- [restartedMain] o.s.web.context.ContextLoader            : Root WebApplicationContext: initialization completed in 895 ms
2019-12-27 20:49:06.635  INFO 13680 --- [restartedMain] com.zaxxer.hikari.HikariDataSource       : HikariPool-2 - Starting...
2019-12-27 20:49:06.662  INFO 13680 --- [restartedMain] com.zaxxer.hikari.HikariDataSource       : HikariPool-2 - Start completed.
2019-12-27 20:49:06.662  INFO 13680 --- [restartedMain] o.s.b.a.h2.H2ConsoleAutoConfiguration    : H2 console available at '/h2-console'. Database available at 'jdbc:mysql://127.0.0.1:3306/community?useUnicode=true&characterEncoding=utf8&serverTimezone=GMT%2B8'
2019-12-27 20:49:07.093  INFO 13680 --- [restartedMain] o.s.s.concurrent.ThreadPoolTaskExecutor  : Initializing ExecutorService 'applicationTaskExecutor'
2019-12-27 20:49:07.139  INFO 13680 --- [restartedMain] o.s.b.a.w.s.WelcomePageHandlerMapping    : Adding welcome page template: index
2019-12-27 20:49:07.647  INFO 13680 --- [restartedMain] o.s.b.d.a.OptionalLiveReloadServer       : LiveReload server is running on port 35729
2019-12-27 20:49:07.685  INFO 13680 --- [restartedMain] o.s.b.w.embedded.tomcat.TomcatWebServer  : Tomcat started on port(s): 8887 (http) with context path ''
2019-12-27 20:49:07.693  INFO 13680 --- [restartedMain] l.m.community.demo.CommunityApplication  : Started CommunityApplication in 2.082 seconds (JVM running for 268.297)
2019-12-27 20:49:07.696  INFO 13680 --- [restartedMain] .ConditionEvaluationDeltaLoggingListener : Condition evaluation unchanged
2019-12-27 20:49:11.929  INFO 13680 --- [Thread-32] o.s.s.concurrent.ThreadPoolTaskExecutor  : Shutting down ExecutorService 'applicationTaskExecutor'
2019-12-27 20:49:11.930  INFO 13680 --- [Thread-32] com.zaxxer.hikari.HikariDataSource       : HikariPool-2 - Shutdown initiated...
2019-12-27 20:49:11.959  INFO 13680 --- [Thread-32] com.zaxxer.hikari.HikariDataSource       : HikariPool-2 - Shutdown completed.
